<?xml version="1.0" encoding="UTF-8"?>
<testng-results total="1" passed="1" failed="0" skipped="0">
  <reporter-output>
  </reporter-output>
  <suite started-at="2020-02-29T06:43:10Z" name="Default suite" finished-at="2020-02-29T06:44:02Z" duration-ms="52542">
    <groups>
    </groups>
    <test started-at="2020-02-29T06:43:10Z" name="Default test" finished-at="2020-02-29T06:44:02Z" duration-ms="52542">
      <class name="com.testing.TestCases.datadriven">
        <test-method signature="fieread()[pri:0, instance:com.testing.TestCases.datadriven@e50a6f6]" started-at="2020-02-29T12:13:10Z" name="fieread" finished-at="2020-02-29T12:14:02Z" duration-ms="52493" status="PASS">
          <reporter-output>
          </reporter-output>
        </test-method> <!-- fieread -->
      </class> <!-- com.testing.TestCases.datadriven -->
    </test> <!-- Default test -->
  </suite> <!-- Default suite -->
</testng-results>
